Flow report for VHDL_reklama
Sat Jan 27 10:47:06 2018
Quartus II 64-Bit Version 13.0.1 Build 232 06/12/2013 Service Pack 1 SJ Web Edition


---------------------
; Table of Contents ;
---------------------
  1. Legal Notice
  2. Flow Summary
  3. Flow Settings
  4. Flow Non-Default Global Settings
  5. Flow Elapsed Time
  6. Flow OS Summary
  7. Flow Log
  8. Flow Messages
  9. Flow Suppressed Messages



----------------
; Legal Notice ;
----------------
Copyright (C) 1991-2013 Altera Corporation
Your use of Altera Corporation's design tools, logic functions 
and other software and tools, and its AMPP partner logic 
functions, and any output files from any of the foregoing 
(including device programming or simulation files), and any 
associated documentation or information are expressly subject 
to the terms and conditions of the Altera Program License 
Subscription Agreement, Altera MegaCore Function License 
Agreement, or other applicable license agreement, including, 
without limitation, that your use is for the sole purpose of 
programming logic devices manufactured by Altera and sold by 
Altera or its authorized distributors.  Please refer to the 
applicable agreement for further details.



+--------------------------------------------------------------------------------------+
; Flow Summary                                                                         ;
+------------------------------------+-------------------------------------------------+
; Flow Status                        ; Successful - Sat Jan 27 10:47:06 2018           ;
; Quartus II 64-Bit Version          ; 13.0.1 Build 232 06/12/2013 SP 1 SJ Web Edition ;
; Revision Name                      ; VHDL_reklama                                    ;
; Top-level Entity Name              ; VHDL_reklama                                    ;
; Family                             ; Cyclone II                                      ;
; Device                             ; EP2C35F672C6                                    ;
; Timing Models                      ; Final                                           ;
; Total logic elements               ; 126 / 33,216 ( < 1 % )                          ;
;     Total combinational functions  ; 126 / 33,216 ( < 1 % )                          ;
;     Dedicated logic registers      ; 0 / 33,216 ( 0 % )                              ;
; Total registers                    ; 0                                               ;
; Total pins                         ; 74 / 475 ( 16 % )                               ;
; Total virtual pins                 ; 0                                               ;
; Total memory bits                  ; 0 / 483,840 ( 0 % )                             ;
; Embedded Multiplier 9-bit elements ; 0 / 70 ( 0 % )                                  ;
; Total PLLs                         ; 0 / 4 ( 0 % )                                   ;
+------------------------------------+-------------------------------------------------+


+-----------------------------------------+
; Flow Settings                           ;
+-------------------+---------------------+
; Option            ; Setting             ;
+-------------------+---------------------+
; Start date & time ; 01/27/2018 10:46:35 ;
; Main task         ; Compilation         ;
; Revision Name     ; VHDL_reklama        ;
+-------------------+---------------------+


+--------------------------------------------------------------------------------------------------------+
; Flow Non-Default Global Settings                                                                       ;
+-------------------------------------+-----------------------+---------------+-------------+------------+
; Assignment Name                     ; Value                 ; Default Value ; Entity Name ; Section Id ;
+-------------------------------------+-----------------------+---------------+-------------+------------+
; COMPILER_SIGNATURE_ID               ; 0.151704639504157     ; --            ; --          ; --         ;
; MAX_CORE_JUNCTION_TEMP              ; 85                    ; --            ; --          ; --         ;
; MIN_CORE_JUNCTION_TEMP              ; 0                     ; --            ; --          ; --         ;
; PARTITION_COLOR                     ; 16764057              ; --            ; --          ; Top        ;
; PARTITION_FITTER_PRESERVATION_LEVEL ; PLACEMENT_AND_ROUTING ; --            ; --          ; Top        ;
; PARTITION_NETLIST_TYPE              ; SOURCE                ; --            ; --          ; Top        ;
; PROJECT_OUTPUT_DIRECTORY            ; output_files          ; --            ; --          ; --         ;
+-------------------------------------+-----------------------+---------------+-------------+------------+


+-------------------------------------------------------------------------------------------------------------------------------+
; Flow Elapsed Time                                                                                                             ;
+---------------------------+--------------+-------------------------+---------------------+------------------------------------+
; Module Name               ; Elapsed Time ; Average Processors Used ; Peak Virtual Memory ; Total CPU Time (on all processors) ;
+---------------------------+--------------+-------------------------+---------------------+------------------------------------+
; Analysis & Synthesis      ; 00:00:01     ; 1.0                     ; 603 MB              ; 00:00:01                           ;
; Fitter                    ; 00:00:05     ; 1.0                     ; 721 MB              ; 00:00:05                           ;
; Assembler                 ; 00:00:02     ; 1.0                     ; 553 MB              ; 00:00:02                           ;
; TimeQuest Timing Analyzer ; 00:00:01     ; 1.0                     ; 506 MB              ; 00:00:01                           ;
; EDA Netlist Writer        ; 00:00:01     ; 1.0                     ; 806 MB              ; 00:00:00                           ;
; EDA Netlist Writer        ; 00:00:01     ; 1.0                     ; 811 MB              ; 00:00:01                           ;
; Total                     ; 00:00:11     ; --                      ; --                  ; 00:00:10                           ;
+---------------------------+--------------+-------------------------+---------------------+------------------------------------+


+-----------------------------------------------------------------------------------------------+
; Flow OS Summary                                                                               ;
+---------------------------+------------------+---------------+---------------+----------------+
; Module Name               ; Machine Hostname ; OS Name       ; OS Version    ; Processor type ;
+---------------------------+------------------+---------------+---------------+----------------+
; Analysis & Synthesis      ; wojciech-pc      ; Manjaro Linux ; Manjaro Linux ; x86_64         ;
; Fitter                    ; wojciech-pc      ; Manjaro Linux ; Manjaro Linux ; x86_64         ;
; Assembler                 ; wojciech-pc      ; Manjaro Linux ; Manjaro Linux ; x86_64         ;
; TimeQuest Timing Analyzer ; wojciech-pc      ; Manjaro Linux ; Manjaro Linux ; x86_64         ;
; EDA Netlist Writer        ; wojciech-pc      ; Manjaro Linux ; Manjaro Linux ; x86_64         ;
; EDA Netlist Writer        ; wojciech-pc      ; Manjaro Linux ; Manjaro Linux ; x86_64         ;
+---------------------------+------------------+---------------+---------------+----------------+


------------
; Flow Log ;
------------
quartus_map --read_settings_files=on --write_settings_files=off VHDL_reklama -c VHDL_reklama
quartus_fit --read_settings_files=off --write_settings_files=off VHDL_reklama -c VHDL_reklama
quartus_asm --read_settings_files=off --write_settings_files=off VHDL_reklama -c VHDL_reklama
quartus_sta VHDL_reklama -c VHDL_reklama
quartus_eda --gen_testbench --check_outputs=on --tool=modelsim_oem --format=verilog VHDL_reklama -c VHDL_reklama --vector_source=/home/wojtekreg/MEGAsync/polibuda/podstawy_techniki_cyfrowej/projekty/VHDL_reklama/Waveform.vwf --testbench_file=./simulation/qsim/VHDL_reklama.vt
quartus_eda --functional=off --timescale=1ps --simulation=on --tool=modelsim_oem --format=verilog VHDL_reklama -c VHDL_reklama



