Analysis & Synthesis report for zad_6
Mon Nov 20 20:27:04 2017
Quartus II 64-Bit Version 13.0.1 Build 232 06/12/2013 Service Pack 1 SJ Web Edition


---------------------
; Table of Contents ;
---------------------
  1. Legal Notice
  2. Analysis & Synthesis Summary
  3. Analysis & Synthesis Settings
  4. Parallel Compilation
  5. Analysis & Synthesis Source Files Read
  6. Analysis & Synthesis Resource Usage Summary
  7. Analysis & Synthesis Resource Utilization by Entity
  8. General Register Statistics
  9. Inverted Register Statistics
 10. Port Connectivity Checks: "mux:dig12"
 11. Port Connectivity Checks: "mux:dig11"
 12. Port Connectivity Checks: "mux:dig06"
 13. Port Connectivity Checks: "mux:dig05"
 14. Port Connectivity Checks: "mux:dig04"
 15. Port Connectivity Checks: "mux:dig03"
 16. Port Connectivity Checks: "mux:dig02"
 17. Port Connectivity Checks: "mux:dig01"
 18. Port Connectivity Checks: "mux:dig00"
 19. Port Connectivity Checks: "mux:i16"
 20. Port Connectivity Checks: "mux:i15"
 21. Port Connectivity Checks: "mux:i14"
 22. Port Connectivity Checks: "mux:i13"
 23. Port Connectivity Checks: "d:i12"
 24. Port Connectivity Checks: "d:i11"
 25. Port Connectivity Checks: "d:i10"
 26. Port Connectivity Checks: "d:i9"
 27. Port Connectivity Checks: "mux:i7"
 28. Port Connectivity Checks: "mux:i6"
 29. Port Connectivity Checks: "mux:i5"
 30. Port Connectivity Checks: "clock:i0"
 31. Elapsed Time Per Partition
 32. Analysis & Synthesis Messages



----------------
; Legal Notice ;
----------------
Copyright (C) 1991-2013 Altera Corporation
Your use of Altera Corporation's design tools, logic functions 
and other software and tools, and its AMPP partner logic 
functions, and any output files from any of the foregoing 
(including device programming or simulation files), and any 
associated documentation or information are expressly subject 
to the terms and conditions of the Altera Program License 
Subscription Agreement, Altera MegaCore Function License 
Agreement, or other applicable license agreement, including, 
without limitation, that your use is for the sole purpose of 
programming logic devices manufactured by Altera and sold by 
Altera or its authorized distributors.  Please refer to the 
applicable agreement for further details.



+--------------------------------------------------------------------------------------+
; Analysis & Synthesis Summary                                                         ;
+------------------------------------+-------------------------------------------------+
; Analysis & Synthesis Status        ; Successful - Mon Nov 20 20:27:04 2017           ;
; Quartus II 64-Bit Version          ; 13.0.1 Build 232 06/12/2013 SP 1 SJ Web Edition ;
; Revision Name                      ; zad_6                                           ;
; Top-level Entity Name              ; zad_6                                           ;
; Family                             ; Cyclone II                                      ;
; Total logic elements               ; 33                                              ;
;     Total combinational functions  ; 33                                              ;
;     Dedicated logic registers      ; 11                                              ;
; Total registers                    ; 11                                              ;
; Total pins                         ; 74                                              ;
; Total virtual pins                 ; 0                                               ;
; Total memory bits                  ; 0                                               ;
; Embedded Multiplier 9-bit elements ; 0                                               ;
; Total PLLs                         ; 0                                               ;
+------------------------------------+-------------------------------------------------+


+----------------------------------------------------------------------------------------------------------------------+
; Analysis & Synthesis Settings                                                                                        ;
+----------------------------------------------------------------------------+--------------------+--------------------+
; Option                                                                     ; Setting            ; Default Value      ;
+----------------------------------------------------------------------------+--------------------+--------------------+
; Device                                                                     ; EP2C70F896C6       ;                    ;
; Top-level entity name                                                      ; zad_6              ; zad_6              ;
; Family name                                                                ; Cyclone II         ; Cyclone IV GX      ;
; Use smart compilation                                                      ; Off                ; Off                ;
; Enable parallel Assembler and TimeQuest Timing Analyzer during compilation ; On                 ; On                 ;
; Enable compact report table                                                ; Off                ; Off                ;
; Restructure Multiplexers                                                   ; Auto               ; Auto               ;
; Create Debugging Nodes for IP Cores                                        ; Off                ; Off                ;
; Preserve fewer node names                                                  ; On                 ; On                 ;
; Disable OpenCore Plus hardware evaluation                                  ; Off                ; Off                ;
; Verilog Version                                                            ; Verilog_2001       ; Verilog_2001       ;
; VHDL Version                                                               ; VHDL_1993          ; VHDL_1993          ;
; State Machine Processing                                                   ; Auto               ; Auto               ;
; Safe State Machine                                                         ; Off                ; Off                ;
; Extract Verilog State Machines                                             ; On                 ; On                 ;
; Extract VHDL State Machines                                                ; On                 ; On                 ;
; Ignore Verilog initial constructs                                          ; Off                ; Off                ;
; Iteration limit for constant Verilog loops                                 ; 5000               ; 5000               ;
; Iteration limit for non-constant Verilog loops                             ; 250                ; 250                ;
; Add Pass-Through Logic to Inferred RAMs                                    ; On                 ; On                 ;
; Infer RAMs from Raw Logic                                                  ; On                 ; On                 ;
; Parallel Synthesis                                                         ; On                 ; On                 ;
; DSP Block Balancing                                                        ; Auto               ; Auto               ;
; NOT Gate Push-Back                                                         ; On                 ; On                 ;
; Power-Up Don't Care                                                        ; On                 ; On                 ;
; Remove Redundant Logic Cells                                               ; Off                ; Off                ;
; Remove Duplicate Registers                                                 ; On                 ; On                 ;
; Ignore CARRY Buffers                                                       ; Off                ; Off                ;
; Ignore CASCADE Buffers                                                     ; Off                ; Off                ;
; Ignore GLOBAL Buffers                                                      ; Off                ; Off                ;
; Ignore ROW GLOBAL Buffers                                                  ; Off                ; Off                ;
; Ignore LCELL Buffers                                                       ; Off                ; Off                ;
; Ignore SOFT Buffers                                                        ; On                 ; On                 ;
; Limit AHDL Integers to 32 Bits                                             ; Off                ; Off                ;
; Optimization Technique                                                     ; Balanced           ; Balanced           ;
; Carry Chain Length                                                         ; 70                 ; 70                 ;
; Auto Carry Chains                                                          ; On                 ; On                 ;
; Auto Open-Drain Pins                                                       ; On                 ; On                 ;
; Perform WYSIWYG Primitive Resynthesis                                      ; Off                ; Off                ;
; Auto ROM Replacement                                                       ; On                 ; On                 ;
; Auto RAM Replacement                                                       ; On                 ; On                 ;
; Auto Shift Register Replacement                                            ; Auto               ; Auto               ;
; Allow Shift Register Merging across Hierarchies                            ; Auto               ; Auto               ;
; Auto Clock Enable Replacement                                              ; On                 ; On                 ;
; Strict RAM Replacement                                                     ; Off                ; Off                ;
; Allow Synchronous Control Signals                                          ; On                 ; On                 ;
; Force Use of Synchronous Clear Signals                                     ; Off                ; Off                ;
; Auto RAM to Logic Cell Conversion                                          ; Off                ; Off                ;
; Auto Resource Sharing                                                      ; Off                ; Off                ;
; Allow Any RAM Size For Recognition                                         ; Off                ; Off                ;
; Allow Any ROM Size For Recognition                                         ; Off                ; Off                ;
; Allow Any Shift Register Size For Recognition                              ; Off                ; Off                ;
; Use LogicLock Constraints during Resource Balancing                        ; On                 ; On                 ;
; Ignore translate_off and synthesis_off directives                          ; Off                ; Off                ;
; Timing-Driven Synthesis                                                    ; Off                ; Off                ;
; Report Parameter Settings                                                  ; On                 ; On                 ;
; Report Source Assignments                                                  ; On                 ; On                 ;
; Report Connectivity Checks                                                 ; On                 ; On                 ;
; Ignore Maximum Fan-Out Assignments                                         ; Off                ; Off                ;
; Synchronization Register Chain Length                                      ; 2                  ; 2                  ;
; PowerPlay Power Optimization                                               ; Normal compilation ; Normal compilation ;
; HDL message level                                                          ; Level2             ; Level2             ;
; Suppress Register Optimization Related Messages                            ; Off                ; Off                ;
; Number of Removed Registers Reported in Synthesis Report                   ; 5000               ; 5000               ;
; Number of Swept Nodes Reported in Synthesis Report                         ; 5000               ; 5000               ;
; Number of Inverted Registers Reported in Synthesis Report                  ; 100                ; 100                ;
; Clock MUX Protection                                                       ; On                 ; On                 ;
; Auto Gated Clock Conversion                                                ; Off                ; Off                ;
; Block Design Naming                                                        ; Auto               ; Auto               ;
; SDC constraint protection                                                  ; Off                ; Off                ;
; Synthesis Effort                                                           ; Auto               ; Auto               ;
; Shift Register Replacement - Allow Asynchronous Clear Signal               ; On                 ; On                 ;
; Pre-Mapping Resynthesis Optimization                                       ; Off                ; Off                ;
; Analysis & Synthesis Message Level                                         ; Medium             ; Medium             ;
; Disable Register Merging Across Hierarchies                                ; Auto               ; Auto               ;
; Resource Aware Inference For Block RAM                                     ; On                 ; On                 ;
; Synthesis Seed                                                             ; 1                  ; 1                  ;
+----------------------------------------------------------------------------+--------------------+--------------------+


Parallel compilation was disabled, but you have multiple processors available. Enable parallel compilation to reduce compilation time.
+-------------------------------------+
; Parallel Compilation                ;
+----------------------------+--------+
; Processors                 ; Number ;
+----------------------------+--------+
; Number detected on machine ; 8      ;
; Maximum allowed            ; 1      ;
+----------------------------+--------+


+-------------------------------------------------------------------------------------------------------------------------------------------------------+
; Analysis & Synthesis Source Files Read                                                                                                                ;
+----------------------------------+-----------------+-----------------+----------------------------------------------------------------------+---------+
; File Name with User-Entered Path ; Used in Netlist ; File Type       ; File Name with Absolute Path                                         ; Library ;
+----------------------------------+-----------------+-----------------+----------------------------------------------------------------------+---------+
; zad_6.vhd                        ; yes             ; User VHDL File  ; D:/Mega/polibuda/podstawy_techniki_cyfrowej/projekty/zad_6/zad_6.vhd ;         ;
+----------------------------------+-----------------+-----------------+----------------------------------------------------------------------+---------+


+------------------------------------------------------+
; Analysis & Synthesis Resource Usage Summary          ;
+---------------------------------------------+--------+
; Resource                                    ; Usage  ;
+---------------------------------------------+--------+
; Estimated Total logic elements              ; 33     ;
;                                             ;        ;
; Total combinational functions               ; 33     ;
; Logic element usage by number of LUT inputs ;        ;
;     -- 4 input functions                    ; 22     ;
;     -- 3 input functions                    ; 6      ;
;     -- <=2 input functions                  ; 5      ;
;                                             ;        ;
; Logic elements by mode                      ;        ;
;     -- normal mode                          ; 33     ;
;     -- arithmetic mode                      ; 0      ;
;                                             ;        ;
; Total registers                             ; 11     ;
;     -- Dedicated logic registers            ; 11     ;
;     -- I/O registers                        ; 0      ;
;                                             ;        ;
; I/O pins                                    ; 74     ;
; Embedded Multiplier 9-bit elements          ; 0      ;
; Maximum fan-out node                        ; key[1] ;
; Maximum fan-out                             ; 19     ;
; Total fan-out                               ; 167    ;
; Average fan-out                             ; 1.42   ;
+---------------------------------------------+--------+


+-----------------------------------------------------------------------------------------------------------------------------------------------------------------------------+
; Analysis & Synthesis Resource Utilization by Entity                                                                                                                         ;
+----------------------------+-------------------+--------------+-------------+--------------+---------+-----------+------+--------------+---------------------+--------------+
; Compilation Hierarchy Node ; LC Combinationals ; LC Registers ; Memory Bits ; DSP Elements ; DSP 9x9 ; DSP 18x18 ; Pins ; Virtual Pins ; Full Hierarchy Name ; Library Name ;
+----------------------------+-------------------+--------------+-------------+--------------+---------+-----------+------+--------------+---------------------+--------------+
; |zad_6                     ; 33 (5)            ; 11 (3)       ; 0           ; 0            ; 0       ; 0         ; 74   ; 0            ; |zad_6              ; work         ;
;    |clock:i0|              ; 1 (1)             ; 0 (0)        ; 0           ; 0            ; 0       ; 0         ; 0    ; 0            ; |zad_6|clock:i0     ; work         ;
;    |d:i10|                 ; 0 (0)             ; 1 (1)        ; 0           ; 0            ; 0       ; 0         ; 0    ; 0            ; |zad_6|d:i10        ; work         ;
;    |d:i11|                 ; 0 (0)             ; 1 (1)        ; 0           ; 0            ; 0       ; 0         ; 0    ; 0            ; |zad_6|d:i11        ; work         ;
;    |d:i12|                 ; 0 (0)             ; 1 (1)        ; 0           ; 0            ; 0       ; 0         ; 0    ; 0            ; |zad_6|d:i12        ; work         ;
;    |d:i9|                  ; 0 (0)             ; 1 (1)        ; 0           ; 0            ; 0       ; 0         ; 0    ; 0            ; |zad_6|d:i9         ; work         ;
;    |jk:i1|                 ; 4 (4)             ; 1 (1)        ; 0           ; 0            ; 0       ; 0         ; 0    ; 0            ; |zad_6|jk:i1        ; work         ;
;    |jk:i2|                 ; 3 (3)             ; 1 (1)        ; 0           ; 0            ; 0       ; 0         ; 0    ; 0            ; |zad_6|jk:i2        ; work         ;
;    |jk:i3|                 ; 3 (3)             ; 1 (1)        ; 0           ; 0            ; 0       ; 0         ; 0    ; 0            ; |zad_6|jk:i3        ; work         ;
;    |jk:i4|                 ; 4 (4)             ; 1 (1)        ; 0           ; 0            ; 0       ; 0         ; 0    ; 0            ; |zad_6|jk:i4        ; work         ;
;    |mux:dig00|             ; 1 (1)             ; 0 (0)        ; 0           ; 0            ; 0       ; 0         ; 0    ; 0            ; |zad_6|mux:dig00    ; work         ;
;    |mux:dig01|             ; 1 (1)             ; 0 (0)        ; 0           ; 0            ; 0       ; 0         ; 0    ; 0            ; |zad_6|mux:dig01    ; work         ;
;    |mux:dig02|             ; 1 (1)             ; 0 (0)        ; 0           ; 0            ; 0       ; 0         ; 0    ; 0            ; |zad_6|mux:dig02    ; work         ;
;    |mux:dig03|             ; 1 (1)             ; 0 (0)        ; 0           ; 0            ; 0       ; 0         ; 0    ; 0            ; |zad_6|mux:dig03    ; work         ;
;    |mux:dig04|             ; 1 (1)             ; 0 (0)        ; 0           ; 0            ; 0       ; 0         ; 0    ; 0            ; |zad_6|mux:dig04    ; work         ;
;    |mux:dig05|             ; 1 (1)             ; 0 (0)        ; 0           ; 0            ; 0       ; 0         ; 0    ; 0            ; |zad_6|mux:dig05    ; work         ;
;    |mux:dig06|             ; 1 (1)             ; 0 (0)        ; 0           ; 0            ; 0       ; 0         ; 0    ; 0            ; |zad_6|mux:dig06    ; work         ;
;    |mux:dig12|             ; 1 (1)             ; 0 (0)        ; 0           ; 0            ; 0       ; 0         ; 0    ; 0            ; |zad_6|mux:dig12    ; work         ;
;    |mux:i13|               ; 1 (1)             ; 0 (0)        ; 0           ; 0            ; 0       ; 0         ; 0    ; 0            ; |zad_6|mux:i13      ; work         ;
;    |mux:i14|               ; 1 (1)             ; 0 (0)        ; 0           ; 0            ; 0       ; 0         ; 0    ; 0            ; |zad_6|mux:i14      ; work         ;
;    |mux:i15|               ; 1 (1)             ; 0 (0)        ; 0           ; 0            ; 0       ; 0         ; 0    ; 0            ; |zad_6|mux:i15      ; work         ;
;    |mux:i16|               ; 1 (1)             ; 0 (0)        ; 0           ; 0            ; 0       ; 0         ; 0    ; 0            ; |zad_6|mux:i16      ; work         ;
;    |mux:i5|                ; 1 (1)             ; 0 (0)        ; 0           ; 0            ; 0       ; 0         ; 0    ; 0            ; |zad_6|mux:i5       ; work         ;
+----------------------------+-------------------+--------------+-------------+--------------+---------+-----------+------+--------------+---------------------+--------------+
Note: For table entries with two numbers listed, the numbers in parentheses indicate the number of resources of the given type used by the specific entity alone. The numbers listed outside of parentheses indicate the total resources of the given type used by the specific entity and all of its sub-entities in the hierarchy.


+------------------------------------------------------+
; General Register Statistics                          ;
+----------------------------------------------+-------+
; Statistic                                    ; Value ;
+----------------------------------------------+-------+
; Total registers                              ; 11    ;
; Number of registers using Synchronous Clear  ; 0     ;
; Number of registers using Synchronous Load   ; 0     ;
; Number of registers using Asynchronous Clear ; 10    ;
; Number of registers using Asynchronous Load  ; 0     ;
; Number of registers using Clock Enable       ; 0     ;
; Number of registers using Preset             ; 0     ;
+----------------------------------------------+-------+


+--------------------------------------------------+
; Inverted Register Statistics                     ;
+----------------------------------------+---------+
; Inverted Register                      ; Fan out ;
+----------------------------------------+---------+
; d:i10|wy                               ; 13      ;
; ledg[0]~reg0                           ; 1       ;
; Total number of inverted registers = 2 ;         ;
+----------------------------------------+---------+


+---------------------------------------------+
; Port Connectivity Checks: "mux:dig12"       ;
+-----------+-------+----------+--------------+
; Port      ; Type  ; Severity ; Details      ;
+-----------+-------+----------+--------------+
; wei[0..1] ; Input ; Info     ; Stuck at VCC ;
+-----------+-------+----------+--------------+


+---------------------------------------------+
; Port Connectivity Checks: "mux:dig11"       ;
+-----------+-------+----------+--------------+
; Port      ; Type  ; Severity ; Details      ;
+-----------+-------+----------+--------------+
; wei[0..1] ; Input ; Info     ; Stuck at VCC ;
+-----------+-------+----------+--------------+


+---------------------------------------------+
; Port Connectivity Checks: "mux:dig06"       ;
+-----------+-------+----------+--------------+
; Port      ; Type  ; Severity ; Details      ;
+-----------+-------+----------+--------------+
; wei[4..6] ; Input ; Info     ; Stuck at GND ;
+-----------+-------+----------+--------------+


+------------------------------------------+
; Port Connectivity Checks: "mux:dig05"    ;
+--------+-------+----------+--------------+
; Port   ; Type  ; Severity ; Details      ;
+--------+-------+----------+--------------+
; wei[0] ; Input ; Info     ; Stuck at GND ;
; wei[3] ; Input ; Info     ; Stuck at VCC ;
; wei[6] ; Input ; Info     ; Stuck at GND ;
+--------+-------+----------+--------------+


+------------------------------------------+
; Port Connectivity Checks: "mux:dig04"    ;
+--------+-------+----------+--------------+
; Port   ; Type  ; Severity ; Details      ;
+--------+-------+----------+--------------+
; wei[0] ; Input ; Info     ; Stuck at GND ;
; wei[1] ; Input ; Info     ; Stuck at VCC ;
; wei[2] ; Input ; Info     ; Stuck at GND ;
; wei[3] ; Input ; Info     ; Stuck at VCC ;
; wei[5] ; Input ; Info     ; Stuck at VCC ;
; wei[7] ; Input ; Info     ; Stuck at VCC ;
+--------+-------+----------+--------------+


+------------------------------------------+
; Port Connectivity Checks: "mux:dig03"    ;
+--------+-------+----------+--------------+
; Port   ; Type  ; Severity ; Details      ;
+--------+-------+----------+--------------+
; wei[0] ; Input ; Info     ; Stuck at GND ;
; wei[2] ; Input ; Info     ; Stuck at GND ;
; wei[5] ; Input ; Info     ; Stuck at GND ;
+--------+-------+----------+--------------+


+---------------------------------------------+
; Port Connectivity Checks: "mux:dig02"       ;
+-----------+-------+----------+--------------+
; Port      ; Type  ; Severity ; Details      ;
+-----------+-------+----------+--------------+
; wei[0..1] ; Input ; Info     ; Stuck at GND ;
; wei[5..7] ; Input ; Info     ; Stuck at GND ;
; wei[3]    ; Input ; Info     ; Stuck at GND ;
+-----------+-------+----------+--------------+


+---------------------------------------------+
; Port Connectivity Checks: "mux:dig01"       ;
+-----------+-------+----------+--------------+
; Port      ; Type  ; Severity ; Details      ;
+-----------+-------+----------+--------------+
; wei[0..4] ; Input ; Info     ; Stuck at GND ;
+-----------+-------+----------+--------------+


+------------------------------------------+
; Port Connectivity Checks: "mux:dig00"    ;
+--------+-------+----------+--------------+
; Port   ; Type  ; Severity ; Details      ;
+--------+-------+----------+--------------+
; wei[0] ; Input ; Info     ; Stuck at GND ;
; wei[2] ; Input ; Info     ; Stuck at GND ;
; wei[5] ; Input ; Info     ; Stuck at GND ;
; wei[7] ; Input ; Info     ; Stuck at GND ;
+--------+-------+----------+--------------+


+---------------------------------------------+
; Port Connectivity Checks: "mux:i16"         ;
+-----------+-------+----------+--------------+
; Port      ; Type  ; Severity ; Details      ;
+-----------+-------+----------+--------------+
; wei[6..7] ; Input ; Info     ; Stuck at GND ;
; wei[0]    ; Input ; Info     ; Stuck at GND ;
; wei[1]    ; Input ; Info     ; Stuck at VCC ;
; wei[3]    ; Input ; Info     ; Stuck at GND ;
; wei[4]    ; Input ; Info     ; Stuck at VCC ;
+-----------+-------+----------+--------------+


+---------------------------------------------+
; Port Connectivity Checks: "mux:i15"         ;
+-----------+-------+----------+--------------+
; Port      ; Type  ; Severity ; Details      ;
+-----------+-------+----------+--------------+
; wei[2..3] ; Input ; Info     ; Stuck at GND ;
; wei[0]    ; Input ; Info     ; Stuck at VCC ;
; wei[6]    ; Input ; Info     ; Stuck at VCC ;
; wei[7]    ; Input ; Info     ; Stuck at GND ;
+-----------+-------+----------+--------------+


+---------------------------------------------+
; Port Connectivity Checks: "mux:i14"         ;
+-----------+-------+----------+--------------+
; Port      ; Type  ; Severity ; Details      ;
+-----------+-------+----------+--------------+
; wei[2..3] ; Input ; Info     ; Stuck at VCC ;
; wei[6..7] ; Input ; Info     ; Stuck at GND ;
; wei[0]    ; Input ; Info     ; Stuck at VCC ;
; wei[4]    ; Input ; Info     ; Stuck at GND ;
+-----------+-------+----------+--------------+


+---------------------------------------------+
; Port Connectivity Checks: "mux:i13"         ;
+-----------+-------+----------+--------------+
; Port      ; Type  ; Severity ; Details      ;
+-----------+-------+----------+--------------+
; wei[0..2] ; Input ; Info     ; Stuck at GND ;
; wei[3]    ; Input ; Info     ; Stuck at VCC ;
; wei[5]    ; Input ; Info     ; Stuck at VCC ;
; wei[6]    ; Input ; Info     ; Stuck at GND ;
; wei[7]    ; Input ; Info     ; Stuck at VCC ;
+-----------+-------+----------+--------------+


+-------------------------------------------+
; Port Connectivity Checks: "d:i12"         ;
+---------+-------+----------+--------------+
; Port    ; Type  ; Severity ; Details      ;
+---------+-------+----------+--------------+
; res_val ; Input ; Info     ; Stuck at GND ;
+---------+-------+----------+--------------+


+-------------------------------------------+
; Port Connectivity Checks: "d:i11"         ;
+---------+-------+----------+--------------+
; Port    ; Type  ; Severity ; Details      ;
+---------+-------+----------+--------------+
; res_val ; Input ; Info     ; Stuck at GND ;
+---------+-------+----------+--------------+


+-------------------------------------------+
; Port Connectivity Checks: "d:i10"         ;
+---------+-------+----------+--------------+
; Port    ; Type  ; Severity ; Details      ;
+---------+-------+----------+--------------+
; res_val ; Input ; Info     ; Stuck at VCC ;
+---------+-------+----------+--------------+


+-------------------------------------------+
; Port Connectivity Checks: "d:i9"          ;
+---------+-------+----------+--------------+
; Port    ; Type  ; Severity ; Details      ;
+---------+-------+----------+--------------+
; res_val ; Input ; Info     ; Stuck at GND ;
+---------+-------+----------+--------------+


+---------------------------------------------+
; Port Connectivity Checks: "mux:i7"          ;
+-----------+-------+----------+--------------+
; Port      ; Type  ; Severity ; Details      ;
+-----------+-------+----------+--------------+
; wei[1..2] ; Input ; Info     ; Stuck at VCC ;
; wei[3..7] ; Input ; Info     ; Stuck at GND ;
; wei[0]    ; Input ; Info     ; Stuck at GND ;
+-----------+-------+----------+--------------+


+---------------------------------------------+
; Port Connectivity Checks: "mux:i6"          ;
+-----------+-------+----------+--------------+
; Port      ; Type  ; Severity ; Details      ;
+-----------+-------+----------+--------------+
; wei[0..1] ; Input ; Info     ; Stuck at VCC ;
; wei[2..5] ; Input ; Info     ; Stuck at GND ;
; wei[6]    ; Input ; Info     ; Stuck at VCC ;
; wei[7]    ; Input ; Info     ; Stuck at GND ;
+-----------+-------+----------+--------------+


+---------------------------------------------+
; Port Connectivity Checks: "mux:i5"          ;
+-----------+-------+----------+--------------+
; Port      ; Type  ; Severity ; Details      ;
+-----------+-------+----------+--------------+
; wei[2..7] ; Input ; Info     ; Stuck at GND ;
; wei[1]    ; Input ; Info     ; Stuck at VCC ;
+-----------+-------+----------+--------------+


+---------------------------------------------------------------------------------------------------------------+
; Port Connectivity Checks: "clock:i0"                                                                          ;
+------+-------+----------+-------------------------------------------------------------------------------------+
; Port ; Type  ; Severity ; Details                                                                             ;
+------+-------+----------+-------------------------------------------------------------------------------------+
; i    ; Bidir ; Warning  ; Connected to dangling logic. Logic that only feeds a dangling port will be removed. ;
+------+-------+----------+-------------------------------------------------------------------------------------+


+-------------------------------+
; Elapsed Time Per Partition    ;
+----------------+--------------+
; Partition Name ; Elapsed Time ;
+----------------+--------------+
; Top            ; 00:00:00     ;
+----------------+--------------+


+-------------------------------+
; Analysis & Synthesis Messages ;
+-------------------------------+
Info: *******************************************************************
Info: Running Quartus II 64-Bit Analysis & Synthesis
    Info: Version 13.0.1 Build 232 06/12/2013 Service Pack 1 SJ Web Edition
    Info: Processing started: Mon Nov 20 20:26:59 2017
Info: Command: quartus_map --read_settings_files=on --write_settings_files=off zad_6 -c zad_6
Warning (20028): Parallel compilation is not licensed and has been disabled
Warning (12090): Entity "mux" obtained from "zad_6.vhd" instead of from Quartus II megafunction library
Info (12021): Found 10 design units, including 5 entities, in source file zad_6.vhd
    Info (12022): Found design unit 1: zad_6-ar_zad_6
    Info (12022): Found design unit 2: clock-ar_zad_5
    Info (12022): Found design unit 3: mux-ar_mux
    Info (12022): Found design unit 4: jk-ar_jk
    Info (12022): Found design unit 5: d-ar_d
    Info (12023): Found entity 1: zad_6
    Info (12023): Found entity 2: clock
    Info (12023): Found entity 3: mux
    Info (12023): Found entity 4: jk
    Info (12023): Found entity 5: d
Info (12127): Elaborating entity "zad_6" for the top level hierarchy
Info (12128): Elaborating entity "clock" for hierarchy "clock:i0"
Warning (10492): VHDL Process Statement warning at zad_6.vhd(171): signal "wyk" is read inside the Process Statement but isn't in the Process Statement's sensitivity list
Info (12128): Elaborating entity "jk" for hierarchy "jk:i1"
Warning (10492): VHDL Process Statement warning at zad_6.vhd(240): signal "res_val" is read inside the Process Statement but isn't in the Process Statement's sensitivity list
Warning (10492): VHDL Process Statement warning at zad_6.vhd(257): signal "temp" is read inside the Process Statement but isn't in the Process Statement's sensitivity list
Info (12128): Elaborating entity "mux" for hierarchy "mux:i5"
Info (12128): Elaborating entity "d" for hierarchy "d:i9"
Warning (10492): VHDL Process Statement warning at zad_6.vhd(279): signal "res_val" is read inside the Process Statement but isn't in the Process Statement's sensitivity list
Warning (12161): Node "clock:i0|i[31]" is stuck at GND because node is in wire loop and does not have a source
Warning (12161): Node "clock:i0|i[30]" is stuck at GND because node is in wire loop and does not have a source
Warning (12161): Node "clock:i0|i[29]" is stuck at GND because node is in wire loop and does not have a source
Warning (12161): Node "clock:i0|i[28]" is stuck at GND because node is in wire loop and does not have a source
Warning (12161): Node "clock:i0|i[27]" is stuck at GND because node is in wire loop and does not have a source
Warning (12161): Node "clock:i0|i[26]" is stuck at GND because node is in wire loop and does not have a source
Warning (12161): Node "clock:i0|i[25]" is stuck at GND because node is in wire loop and does not have a source
Warning (12161): Node "clock:i0|i[24]" is stuck at GND because node is in wire loop and does not have a source
Warning (12161): Node "clock:i0|i[23]" is stuck at GND because node is in wire loop and does not have a source
Warning (12161): Node "clock:i0|i[22]" is stuck at GND because node is in wire loop and does not have a source
Warning (12161): Node "clock:i0|i[21]" is stuck at GND because node is in wire loop and does not have a source
Warning (12161): Node "clock:i0|i[20]" is stuck at GND because node is in wire loop and does not have a source
Warning (12161): Node "clock:i0|i[19]" is stuck at GND because node is in wire loop and does not have a source
Warning (12161): Node "clock:i0|i[18]" is stuck at GND because node is in wire loop and does not have a source
Warning (12161): Node "clock:i0|i[17]" is stuck at GND because node is in wire loop and does not have a source
Warning (12161): Node "clock:i0|i[16]" is stuck at GND because node is in wire loop and does not have a source
Warning (12161): Node "clock:i0|i[15]" is stuck at GND because node is in wire loop and does not have a source
Warning (12161): Node "clock:i0|i[14]" is stuck at GND because node is in wire loop and does not have a source
Warning (12161): Node "clock:i0|i[13]" is stuck at GND because node is in wire loop and does not have a source
Warning (12161): Node "clock:i0|i[12]" is stuck at GND because node is in wire loop and does not have a source
Warning (12161): Node "clock:i0|i[11]" is stuck at GND because node is in wire loop and does not have a source
Warning (12161): Node "clock:i0|i[10]" is stuck at GND because node is in wire loop and does not have a source
Warning (12161): Node "clock:i0|i[9]" is stuck at GND because node is in wire loop and does not have a source
Warning (12161): Node "clock:i0|i[8]" is stuck at GND because node is in wire loop and does not have a source
Warning (12161): Node "clock:i0|i[7]" is stuck at GND because node is in wire loop and does not have a source
Warning (12161): Node "clock:i0|i[6]" is stuck at GND because node is in wire loop and does not have a source
Warning (12161): Node "clock:i0|i[5]" is stuck at GND because node is in wire loop and does not have a source
Warning (12161): Node "clock:i0|i[4]" is stuck at GND because node is in wire loop and does not have a source
Warning (12161): Node "clock:i0|i[3]" is stuck at GND because node is in wire loop and does not have a source
Warning (12161): Node "clock:i0|i[2]" is stuck at GND because node is in wire loop and does not have a source
Warning (12161): Node "clock:i0|i[1]" is stuck at GND because node is in wire loop and does not have a source
Warning (12161): Node "clock:i0|i[0]" is stuck at GND because node is in wire loop and does not have a source
Warning (12241): 1 hierarchies have connectivity warnings - see the Connectivity Checks report folder
Info (13000): Registers with preset signals will power-up high
Info (13003): DEV_CLRn pin will set, and not reset, register with preset signal due to NOT Gate Push-Back
Warning (13004): Presettable and clearable registers converted to equivalent circuits with latches. Registers power-up to an undefined state, and DEVCLRn places the registers in an undefined state.
    Warning (13310): Register "jk:i4|temp" is converted into an equivalent circuit using register "jk:i4|temp~_emulated" and latch "jk:i4|temp~1"
    Warning (13310): Register "jk:i3|temp" is converted into an equivalent circuit using register "jk:i3|temp~_emulated" and latch "jk:i3|temp~1"
    Warning (13310): Register "jk:i2|temp" is converted into an equivalent circuit using register "jk:i2|temp~_emulated" and latch "jk:i2|temp~1"
    Warning (13310): Register "jk:i1|temp" is converted into an equivalent circuit using register "jk:i1|temp~_emulated" and latch "jk:i1|temp~1"
Warning (13024): Output pins are stuck at VCC or GND
    Warning (13410): Pin "hex1[6]" is stuck at VCC
    Warning (13410): Pin "hex1[5]" is stuck at VCC
    Warning (13410): Pin "hex1[4]" is stuck at VCC
    Warning (13410): Pin "hex1[3]" is stuck at VCC
    Warning (13410): Pin "hex1[0]" is stuck at VCC
    Warning (13410): Pin "hex2[6]" is stuck at VCC
    Warning (13410): Pin "hex2[5]" is stuck at VCC
    Warning (13410): Pin "hex2[4]" is stuck at VCC
    Warning (13410): Pin "hex2[3]" is stuck at VCC
    Warning (13410): Pin "hex2[2]" is stuck at VCC
    Warning (13410): Pin "hex2[1]" is stuck at VCC
    Warning (13410): Pin "hex2[0]" is stuck at VCC
    Warning (13410): Pin "hex3[6]" is stuck at VCC
    Warning (13410): Pin "hex3[5]" is stuck at VCC
    Warning (13410): Pin "hex3[4]" is stuck at VCC
    Warning (13410): Pin "hex3[3]" is stuck at VCC
    Warning (13410): Pin "hex3[2]" is stuck at VCC
    Warning (13410): Pin "hex3[1]" is stuck at VCC
    Warning (13410): Pin "hex3[0]" is stuck at VCC
    Warning (13410): Pin "hex4[6]" is stuck at VCC
    Warning (13410): Pin "hex4[5]" is stuck at VCC
    Warning (13410): Pin "hex4[4]" is stuck at VCC
    Warning (13410): Pin "hex4[3]" is stuck at VCC
    Warning (13410): Pin "hex4[2]" is stuck at VCC
    Warning (13410): Pin "hex4[1]" is stuck at VCC
    Warning (13410): Pin "hex4[0]" is stuck at VCC
    Warning (13410): Pin "hex5[6]" is stuck at VCC
    Warning (13410): Pin "hex5[5]" is stuck at VCC
    Warning (13410): Pin "hex5[4]" is stuck at VCC
    Warning (13410): Pin "hex5[3]" is stuck at VCC
    Warning (13410): Pin "hex5[2]" is stuck at VCC
    Warning (13410): Pin "hex5[1]" is stuck at VCC
    Warning (13410): Pin "hex5[0]" is stuck at VCC
    Warning (13410): Pin "hex6[6]" is stuck at VCC
    Warning (13410): Pin "hex6[5]" is stuck at VCC
    Warning (13410): Pin "hex6[4]" is stuck at VCC
    Warning (13410): Pin "hex6[3]" is stuck at VCC
    Warning (13410): Pin "hex6[2]" is stuck at VCC
    Warning (13410): Pin "hex6[1]" is stuck at VCC
    Warning (13410): Pin "hex6[0]" is stuck at VCC
    Warning (13410): Pin "hex7[6]" is stuck at VCC
    Warning (13410): Pin "hex7[5]" is stuck at VCC
    Warning (13410): Pin "hex7[4]" is stuck at VCC
    Warning (13410): Pin "hex7[3]" is stuck at VCC
    Warning (13410): Pin "hex7[2]" is stuck at VCC
    Warning (13410): Pin "hex7[1]" is stuck at VCC
    Warning (13410): Pin "hex7[0]" is stuck at VCC
Info (16010): Generating hard_block partition "hard_block:auto_generated_inst"
    Info (16011): Adding 0 node(s), including 0 DDIO, 0 PLL, 0 transceiver and 0 LCELL
Info (21057): Implemented 108 device resources after synthesis - the final resource count might be different
    Info (21058): Implemented 6 input pins
    Info (21059): Implemented 68 output pins
    Info (21061): Implemented 34 logic cells
Info: Quartus II 64-Bit Analysis & Synthesis was successful. 0 errors, 92 warnings
    Info: Peak virtual memory: 533 megabytes
    Info: Processing ended: Mon Nov 20 20:27:04 2017
    Info: Elapsed time: 00:00:05
    Info: Total CPU time (on all processors): 00:00:01


